<?xml version="1.0" encoding="UTF-8"?>
<!-- Generated by org.testng.reporters.JUnitXMLReporter -->
<testsuite ignored="0" hostname="TirumalaDevi" failures="0" tests="2" name="Testrail" time="12.96" errors="0" timestamp="2023-07-04T23:48:32 IST">
  <testcase classname="Base.BaseTest" name="@AfterMethod addResultsToTestRail" time="2.152">
    <failure type="com.gurock.testrail.APIException" message="TestRail API returned HTTP 400(&amp;quot;Field :run_id is not a valid test run.&amp;quot;)">
      <![CDATA[com.gurock.testrail.APIException: TestRail API returned HTTP 400("Field :run_id is not a valid test run.")
at com.gurock.testrail.APIClient.sendRequest(APIClient.java:296)
at com.gurock.testrail.APIClient.sendPost(APIClient.java:132)
at com.testrailManager.TestRailManager.addResultsforTestCAse(TestRailManager.java:35)
at Base.BaseTest.addResultsToTestRail(BaseTest.java:58)
at java.base/jdk.internal.reflect.NativeMethodAccessorImpl.invoke0(Native Method)
at java.base/jdk.internal.reflect.NativeMethodAccessorImpl.invoke(NativeMethodAccessorImpl.java:77)
at java.base/jdk.internal.reflect.DelegatingMethodAccessorImpl.invoke(DelegatingMethodAccessorImpl.java:43)
at java.base/java.lang.reflect.Method.invoke(Method.java:568)
at org.testng.internal.MethodInvocationHelper.invokeMethod(MethodInvocationHelper.java:133)
at org.testng.internal.MethodInvocationHelper.invokeMethodConsideringTimeout(MethodInvocationHelper.java:62)
at org.testng.internal.ConfigInvoker.invokeConfigurationMethod(ConfigInvoker.java:385)
at org.testng.internal.ConfigInvoker.invokeConfigurations(ConfigInvoker.java:321)
at org.testng.internal.TestInvoker.runConfigMethods(TestInvoker.java:700)
at org.testng.internal.TestInvoker.runAfterGroupsConfigurations(TestInvoker.java:676)
at org.testng.internal.TestInvoker.invokeMethod(TestInvoker.java:660)
at org.testng.internal.TestInvoker.invokeTestMethod(TestInvoker.java:173)
at org.testng.internal.MethodRunner.runInSequence(MethodRunner.java:46)
at org.testng.internal.TestInvoker$MethodInvocationAgent.invoke(TestInvoker.java:824)
at org.testng.internal.TestInvoker.invokeTestMethods(TestInvoker.java:146)
at org.testng.internal.TestMethodWorker.invokeTestMethods(TestMethodWorker.java:146)
at org.testng.internal.TestMethodWorker.run(TestMethodWorker.java:128)
at java.base/java.util.ArrayList.forEach(ArrayList.java:1511)
at org.testng.TestRunner.privateRun(TestRunner.java:794)
at org.testng.TestRunner.run(TestRunner.java:596)
at org.testng.SuiteRunner.runTest(SuiteRunner.java:377)
at org.testng.SuiteRunner.access$000(SuiteRunner.java:28)
at org.testng.SuiteRunner$SuiteWorker.run(SuiteRunner.java:418)
at org.testng.internal.thread.ThreadUtil.lambda$execute$0(ThreadUtil.java:64)
at java.base/java.util.concurrent.FutureTask.run(FutureTask.java:264)
at java.base/java.util.concurrent.ThreadPoolExecutor.runWorker(ThreadPoolExecutor.java:1136)
at java.base/java.util.concurrent.ThreadPoolExecutor$Worker.run(ThreadPoolExecutor.java:635)
at java.base/java.lang.Thread.run(Thread.java:833)
]]>
    </failure>
  </testcase> <!-- @AfterMethod addResultsToTestRail -->
  <testcase classname="Base.BaseTest" name="@AfterMethod addResultsToTestRail" time="2.136">
    <failure type="com.gurock.testrail.APIException" message="TestRail API returned HTTP 400(&amp;quot;Field :run_id is not a valid test run.&amp;quot;)">
      <![CDATA[com.gurock.testrail.APIException: TestRail API returned HTTP 400("Field :run_id is not a valid test run.")
at com.gurock.testrail.APIClient.sendRequest(APIClient.java:296)
at com.gurock.testrail.APIClient.sendPost(APIClient.java:132)
at com.testrailManager.TestRailManager.addResultsforTestCAse(TestRailManager.java:35)
at Base.BaseTest.addResultsToTestRail(BaseTest.java:63)
at java.base/jdk.internal.reflect.NativeMethodAccessorImpl.invoke0(Native Method)
at java.base/jdk.internal.reflect.NativeMethodAccessorImpl.invoke(NativeMethodAccessorImpl.java:77)
at java.base/jdk.internal.reflect.DelegatingMethodAccessorImpl.invoke(DelegatingMethodAccessorImpl.java:43)
at java.base/java.lang.reflect.Method.invoke(Method.java:568)
at org.testng.internal.MethodInvocationHelper.invokeMethod(MethodInvocationHelper.java:133)
at org.testng.internal.MethodInvocationHelper.invokeMethodConsideringTimeout(MethodInvocationHelper.java:62)
at org.testng.internal.ConfigInvoker.invokeConfigurationMethod(ConfigInvoker.java:385)
at org.testng.internal.ConfigInvoker.invokeConfigurations(ConfigInvoker.java:321)
at org.testng.internal.TestInvoker.runConfigMethods(TestInvoker.java:700)
at org.testng.internal.TestInvoker.runAfterGroupsConfigurations(TestInvoker.java:676)
at org.testng.internal.TestInvoker.invokeMethod(TestInvoker.java:660)
at org.testng.internal.TestInvoker.invokeTestMethod(TestInvoker.java:173)
at org.testng.internal.MethodRunner.runInSequence(MethodRunner.java:46)
at org.testng.internal.TestInvoker$MethodInvocationAgent.invoke(TestInvoker.java:824)
at org.testng.internal.TestInvoker.invokeTestMethods(TestInvoker.java:146)
at org.testng.internal.TestMethodWorker.invokeTestMethods(TestMethodWorker.java:146)
at org.testng.internal.TestMethodWorker.run(TestMethodWorker.java:128)
at java.base/java.util.ArrayList.forEach(ArrayList.java:1511)
at org.testng.TestRunner.privateRun(TestRunner.java:794)
at org.testng.TestRunner.run(TestRunner.java:596)
at org.testng.SuiteRunner.runTest(SuiteRunner.java:377)
at org.testng.SuiteRunner.access$000(SuiteRunner.java:28)
at org.testng.SuiteRunner$SuiteWorker.run(SuiteRunner.java:418)
at org.testng.internal.thread.ThreadUtil.lambda$execute$0(ThreadUtil.java:64)
at java.base/java.util.concurrent.FutureTask.run(FutureTask.java:264)
at java.base/java.util.concurrent.ThreadPoolExecutor.runWorker(ThreadPoolExecutor.java:1136)
at java.base/java.util.concurrent.ThreadPoolExecutor$Worker.run(ThreadPoolExecutor.java:635)
at java.base/java.lang.Thread.run(Thread.java:833)
]]>
    </failure>
  </testcase> <!-- @AfterMethod addResultsToTestRail -->
  <testcase classname="Base.BaseTest" name="@AfterMethod addResultsToTestRail" time="-1.688494712697E9">
    <skipped/>
  </testcase> <!-- @AfterMethod addResultsToTestRail -->
  <testcase classname="Base.BaseTest" name="@AfterMethod addResultsToTestRail" time="-1.6884947127E9">
    <skipped/>
  </testcase> <!-- @AfterMethod addResultsToTestRail -->
  <testcase classname="Base.BaseTest" name="@AfterClass teardown" time="-1.688494712704E9">
    <skipped/>
  </testcase> <!-- @AfterClass teardown -->
  <testcase classname="Base.BaseTest" name="@AfterClass teardown" time="-1.688494712704E9">
    <skipped/>
  </testcase> <!-- @AfterClass teardown -->
  <testcase classname="Tests.GoogleTest" name="GoogleTitleTest" time="0.04"/>
  <testcase classname="Tests.GoogleTest" name="GoogleLogoTest" time="0.0">
    <skipped/>
  </testcase> <!-- GoogleLogoTest -->
</testsuite> <!-- Testrail -->
