<?xml version="1.0" encoding="UTF-8"?>
<!-- Generated by org.testng.reporters.JUnitXMLReporter -->
<testsuite ignored="0" hostname="DESKTOP-IG45S0Q" failures="2" tests="8" name="ParaBank Test Cases" time="117.338" errors="0" timestamp="2022-06-09T17:54:43 IST">
  <testcase classname="TestCases.RegPageTest" name="RegNewUser" time="1.632"/>
  <testcase classname="TestCases.RegPageTest" name="RegNewUser" time="2.075"/>
  <testcase classname="TestCases.LoginTest" name="Test" time="1.009"/>
  <testcase classname="TestCases.LoginTest" name="clickonAdmin" time="0.0">
    <failure type="org.testng.TestNGException" message="
Parameter &amp;apos;val1&amp;apos; is required by @Test on method clickonAdmin but has not been marked @Optional or defined
in C:\Users\SPURGE\eclipse-workspace\PARABank\testng.xml">
      <![CDATA[org.testng.TestNGException: 
Parameter 'val1' is required by @Test on method clickonAdmin but has not been marked @Optional or defined
in C:\Users\SPURGE\eclipse-workspace\PARABank\testng.xml
at java.base/java.util.ArrayList.forEach(ArrayList.java:1511)
... Removed 26 stack frames]]>
    </failure>
  </testcase> <!-- clickonAdmin -->
  <testcase classname="TestCases.LoginTest" name="actions" time="16.993"/>
  <testcase classname="TestCases.HomePageTest" name="TFtest" time="22.766">
    <failure type="org.openqa.selenium.NoSuchElementException" message="Cannot locate option with text: 15120
For documentation on this error, please visit: https://selenium.dev/exceptions/#no_such_element
Build info: version: &amp;apos;4.1.2&amp;apos;, revision: &amp;apos;9a5a329c5a&amp;apos;
System info: host: &amp;apos;DESKTOP-IG45S0Q&amp;apos;, ip: &amp;apos;192.168.0.106&amp;apos;, os.name: &amp;apos;Windows 11&amp;apos;, os.arch: &amp;apos;amd64&amp;apos;, os.version: &amp;apos;10.0&amp;apos;, java.version: &amp;apos;17.0.2&amp;apos;
Driver info: driver.version: unknown">
      <![CDATA[org.openqa.selenium.NoSuchElementException: Cannot locate option with text: 15120
For documentation on this error, please visit: https://selenium.dev/exceptions/#no_such_element
Build info: version: '4.1.2', revision: '9a5a329c5a'
System info: host: 'DESKTOP-IG45S0Q', ip: '192.168.0.106', os.name: 'Windows 11', os.arch: 'amd64', os.version: '10.0', java.version: '17.0.2'
Driver info: driver.version: unknown
at org.openqa.selenium.support.ui.Select.selectByVisibleText(Select.java:151)
at Pages.HomePage.fundTransfer(HomePage.java:43)
at TestCases.HomePageTest.TFtest(HomePageTest.java:40)
at java.base/java.util.ArrayList.forEach(ArrayList.java:1511)
... Removed 27 stack frames]]>
    </failure>
  </testcase> <!-- TFtest -->
  <testcase classname="TestCases.BillPayTest" name="pay" time="3.999"/>
  <testcase classname="TestCases.BillPayTest" name="ClickonSendPayment" time="0.079"/>
</testsuite> <!-- ParaBank Test Cases -->
