<!DOCTYPE html PUBLIC "-//W3C//DTD XHTML 1.1//EN" "https://www.w3.org/TR/xhtml11/DTD/xhtml11.dtd">
<html xmlns="https://www.w3.org/1999/xhtml">
<head>
<meta http-equiv="content-type" content="text/html; charset=UTF-8"/>
<title>TestNG Report</title>
<style type="text/css">table {margin-bottom:10px;border-collapse:collapse;empty-cells:show}th,td {border:1px solid #009;padding:.25em .5em}th {vertical-align:bottom}td {vertical-align:top}table a {font-weight:bold}.stripe td {background-color: #E6EBF9}.num {text-align:right}.passedodd td {background-color: #3F3}.passedeven td {background-color: #0A0}.skippedodd td {background-color: #DDD}.skippedeven td {background-color: #CCC}.failedodd td,.attn {background-color: #F33}.failedeven td,.stripe .attn {background-color: #D00}.stacktrace {white-space:pre;font-family:monospace}.totop {font-size:85%;text-align:center;border-bottom:2px solid #000}.invisible {display:none}</style>
</head>
<body>
<table>
<tr><th>Test</th><th># Passed</th><th># Skipped</th><th># Retried</th><th># Failed</th><th>Time (ms)</th><th>Included Groups</th><th>Excluded Groups</th></tr>
<tr><th colspan="8">PARABANK WEBSITE TEST AUTOMATION SUITE</th></tr>
<tr><td><a href="#t0">ParaBank Test Cases</a></td><td class="num">6</td><td class="num">0</td><td class="num">0</td><td class="num attn">2</td><td class="num">117,338</td><td></td><td></td></tr>
</table>
<table id='summary'><thead><tr><th>Class</th><th>Method</th><th>Start</th><th>Time (ms)</th></tr></thead><tbody><tr><th colspan="4">PARABANK WEBSITE TEST AUTOMATION SUITE</th></tr></tbody><tbody id="t0"><tr><th colspan="4">ParaBank Test Cases &#8212; failed</th></tr><tr class="failedeven"><td rowspan="1">TestCases.HomePageTest</td><td><a href="#m0">TFtest</a></td><td rowspan="1">1654777432482</td><td rowspan="1">22766</td></tr><tr class="failedodd"><td rowspan="1">TestCases.LoginTest</td><td><a href="#m1">clickonAdmin</a></td><td rowspan="1">1654777400211</td><td rowspan="1">0</td></tr><tr><th colspan="4">ParaBank Test Cases &#8212; passed</th></tr><tr class="passedeven"><td rowspan="2">TestCases.BillPayTest</td><td><a href="#m2">ClickonSendPayment</a></td><td rowspan="1">1654777482986</td><td rowspan="1">79</td></tr><tr class="passedeven"><td><a href="#m3">pay</a></td><td rowspan="1">1654777468237</td><td rowspan="1">3999</td></tr><tr class="passedodd"><td rowspan="2">TestCases.LoginTest</td><td><a href="#m4">Test</a></td><td rowspan="1">1654777398888</td><td rowspan="1">1009</td></tr><tr class="passedodd"><td><a href="#m5">actions</a></td><td rowspan="1">1654777404856</td><td rowspan="1">16993</td></tr><tr class="passedeven"><td rowspan="2">TestCases.RegPageTest</td><td><a href="#m6">RegNewUser</a></td><td rowspan="2">1654777392121</td><td rowspan="2">2075</td></tr><tr class="passedeven"><td><a href="#m7">RegNewUser</a></td></tr></tbody>
</table>
<h2>ParaBank Test Cases</h2><h3 id="m0">TestCases.HomePageTest#TFtest</h3><table class="result"><tr class="param"><th>Parameter #1</th><th>Parameter #2</th><th>Parameter #3</th></tr><tr class="param stripe"><td>123456</td><td>0</td><td>15120</td></tr><tr><th colspan="3">Exception</th></tr><tr><td colspan="3"><div class="stacktrace">org.openqa.selenium.NoSuchElementException: Cannot locate option with text: 15120
For documentation on this error, please visit: https://selenium.dev/exceptions/#no_such_element
Build info: version: &apos;4.1.2&apos;, revision: &apos;9a5a329c5a&apos;
System info: host: &apos;DESKTOP-IG45S0Q&apos;, ip: &apos;192.168.0.106&apos;, os.name: &apos;Windows 11&apos;, os.arch: &apos;amd64&apos;, os.version: &apos;10.0&apos;, java.version: &apos;17.0.2&apos;
Driver info: driver.version: unknown
	at org.openqa.selenium.support.ui.Select.selectByVisibleText(Select.java:151)
	at Pages.HomePage.fundTransfer(HomePage.java:43)
	at TestCases.HomePageTest.TFtest(HomePageTest.java:40)
	at java.base/java.util.ArrayList.forEach(ArrayList.java:1511)
... Removed 27 stack frames</div></td></tr></table><p class="totop"><a href="#summary">back to summary</a></p>
<h3 id="m1">TestCases.LoginTest#clickonAdmin</h3><table class="result"><tr><th>Exception</th></tr><tr><td><div class="stacktrace">org.testng.TestNGException: 
Parameter &apos;val1&apos; is required by @Test on method clickonAdmin but has not been marked @Optional or defined
in C:\Users\SPURGE\eclipse-workspace\PARABank\testng.xml
	at java.base/java.util.ArrayList.forEach(ArrayList.java:1511)
... Removed 26 stack frames</div></td></tr></table><p class="totop"><a href="#summary">back to summary</a></p>
<h3 id="m2">TestCases.BillPayTest#ClickonSendPayment</h3><table class="result"><tr><th class="invisible"/></tr></table><p class="totop"><a href="#summary">back to summary</a></p>
<h3 id="m3">TestCases.BillPayTest#pay</h3><table class="result"><tr class="param"><th>Parameter #1</th><th>Parameter #2</th><th>Parameter #3</th><th>Parameter #4</th><th>Parameter #5</th><th>Parameter #6</th><th>Parameter #7</th><th>Parameter #8</th><th>Parameter #9</th><th>Parameter #10</th></tr><tr class="param stripe"><td>Devi</td><td>BalajiHills</td><td>Hyderabad</td><td>Telangana</td><td>56789</td><td>2147483647</td><td>6789</td><td>6789</td><td>123456789</td><td>16896</td></tr></table><p class="totop"><a href="#summary">back to summary</a></p>
<h3 id="m4">TestCases.LoginTest#Test</h3><table class="result"><tr><th class="invisible"/></tr></table><p class="totop"><a href="#summary">back to summary</a></p>
<h3 id="m5">TestCases.LoginTest#actions</h3><table class="result"><tr><th class="invisible"/></tr></table><p class="totop"><a href="#summary">back to summary</a></p>
<h3 id="m6">TestCases.RegPageTest#RegNewUser</h3><table class="result"><tr class="param"><th>Parameter #1</th><th>Parameter #2</th><th>Parameter #3</th><th>Parameter #4</th><th>Parameter #5</th><th>Parameter #6</th><th>Parameter #7</th><th>Parameter #8</th><th>Parameter #9</th><th>Parameter #10</th><th>Parameter #11</th></tr><tr class="param stripe"><td>ARUN</td><td>ARUN</td><td>BODUPPAL</td><td>ELURU</td><td>AP</td><td>12345</td><td>123457</td><td>34567</td><td>ARUNARUN</td><td>ARUN</td><td>ARUN</td></tr></table><p class="totop"><a href="#summary">back to summary</a></p>
<h3 id="m7">TestCases.RegPageTest#RegNewUser</h3><table class="result"><tr class="param"><th>Parameter #1</th><th>Parameter #2</th><th>Parameter #3</th><th>Parameter #4</th><th>Parameter #5</th><th>Parameter #6</th><th>Parameter #7</th><th>Parameter #8</th><th>Parameter #9</th><th>Parameter #10</th><th>Parameter #11</th></tr><tr class="param stripe"><td>Devi</td><td>Devi</td><td>BalajiHills</td><td>Hyderabad</td><td>Telangana</td><td>678905</td><td>987654</td><td>34567</td><td>DeviDevi</td><td>Devi</td><td>Devi</td></tr></table><p class="totop"><a href="#summary">back to summary</a></p>
</body>
</html>
