<?xml version="1.0" encoding="UTF-8"?>
<testng-results ignored="0" total="8" passed="6" failed="2" skipped="0">
  <reporter-output>
  </reporter-output>
  <suite started-at="2022-06-09T17:52:46 IST" name="PARABANK WEBSITE TEST AUTOMATION SUITE" finished-at="2022-06-09T17:54:43 IST" duration-ms="117338">
    <groups>
    </groups>
    <test started-at="2022-06-09T17:52:46 IST" name="ParaBank Test Cases" finished-at="2022-06-09T17:54:43 IST" duration-ms="117338">
      <class name="TestCases.RegPageTest">
        <test-method is-config="true" signature="Setup()[pri:0, instance:TestCases.RegPageTest@7d8704ef]" started-at="2022-06-09T17:52:46 IST" name="Setup" finished-at="2022-06-09T17:52:54 IST" duration-ms="7990" status="PASS">
          <reporter-output>
          </reporter-output>
        </test-method> <!-- Setup -->
        <test-method is-config="true" signature="setUp()[pri:0, instance:TestCases.RegPageTest@7d8704ef]" started-at="2022-06-09T17:52:54 IST" name="setUp" finished-at="2022-06-09T17:52:59 IST" duration-ms="4996" status="PASS">
          <reporter-output>
          </reporter-output>
        </test-method> <!-- setUp -->
        <test-method signature="RegNewUser(java.lang.String,java.lang.String,java.lang.String,java.lang.String,java.lang.String,java.lang.String,java.lang.String,java.lang.String,java.lang.String,java.lang.String,java.lang.String)[pri:0, instance:TestCases.RegPageTest@7d8704ef]" started-at="2022-06-09T17:52:59 IST" name="RegNewUser" data-provider="getRegData" finished-at="2022-06-09T17:53:01 IST" duration-ms="1632" status="PASS">
          <params>
            <param index="0">
              <value>
                <![CDATA[Devi]]>
              </value>
            </param>
            <param index="1">
              <value>
                <![CDATA[Devi]]>
              </value>
            </param>
            <param index="2">
              <value>
                <![CDATA[BalajiHills]]>
              </value>
            </param>
            <param index="3">
              <value>
                <![CDATA[Hyderabad]]>
              </value>
            </param>
            <param index="4">
              <value>
                <![CDATA[Telangana]]>
              </value>
            </param>
            <param index="5">
              <value>
                <![CDATA[678905]]>
              </value>
            </param>
            <param index="6">
              <value>
                <![CDATA[987654]]>
              </value>
            </param>
            <param index="7">
              <value>
                <![CDATA[34567]]>
              </value>
            </param>
            <param index="8">
              <value>
                <![CDATA[DeviDevi]]>
              </value>
            </param>
            <param index="9">
              <value>
                <![CDATA[Devi]]>
              </value>
            </param>
            <param index="10">
              <value>
                <![CDATA[Devi]]>
              </value>
            </param>
          </params>
          <reporter-output>
          </reporter-output>
        </test-method> <!-- RegNewUser -->
        <test-method is-config="true" signature="TearDown()[pri:0, instance:TestCases.RegPageTest@7d8704ef]" started-at="2022-06-09T17:53:01 IST" name="TearDown" finished-at="2022-06-09T17:53:01 IST" duration-ms="361" status="PASS">
          <reporter-output>
          </reporter-output>
        </test-method> <!-- TearDown -->
        <test-method is-config="true" signature="Setup()[pri:0, instance:TestCases.RegPageTest@7d8704ef]" started-at="2022-06-09T17:53:01 IST" name="Setup" finished-at="2022-06-09T17:53:06 IST" duration-ms="4811" status="PASS">
          <reporter-output>
          </reporter-output>
        </test-method> <!-- Setup -->
        <test-method is-config="true" signature="setUp()[pri:0, instance:TestCases.RegPageTest@7d8704ef]" started-at="2022-06-09T17:53:06 IST" name="setUp" finished-at="2022-06-09T17:53:12 IST" duration-ms="5330" status="PASS">
          <reporter-output>
          </reporter-output>
        </test-method> <!-- setUp -->
        <test-method signature="RegNewUser(java.lang.String,java.lang.String,java.lang.String,java.lang.String,java.lang.String,java.lang.String,java.lang.String,java.lang.String,java.lang.String,java.lang.String,java.lang.String)[pri:0, instance:TestCases.RegPageTest@7d8704ef]" started-at="2022-06-09T17:53:12 IST" name="RegNewUser" data-provider="getRegData" finished-at="2022-06-09T17:53:14 IST" duration-ms="2075" status="PASS">
          <params>
            <param index="0">
              <value>
                <![CDATA[ARUN]]>
              </value>
            </param>
            <param index="1">
              <value>
                <![CDATA[ARUN]]>
              </value>
            </param>
            <param index="2">
              <value>
                <![CDATA[BODUPPAL]]>
              </value>
            </param>
            <param index="3">
              <value>
                <![CDATA[ELURU]]>
              </value>
            </param>
            <param index="4">
              <value>
                <![CDATA[AP]]>
              </value>
            </param>
            <param index="5">
              <value>
                <![CDATA[12345]]>
              </value>
            </param>
            <param index="6">
              <value>
                <![CDATA[123457]]>
              </value>
            </param>
            <param index="7">
              <value>
                <![CDATA[34567]]>
              </value>
            </param>
            <param index="8">
              <value>
                <![CDATA[ARUNARUN]]>
              </value>
            </param>
            <param index="9">
              <value>
                <![CDATA[ARUN]]>
              </value>
            </param>
            <param index="10">
              <value>
                <![CDATA[ARUN]]>
              </value>
            </param>
          </params>
          <reporter-output>
          </reporter-output>
        </test-method> <!-- RegNewUser -->
        <test-method is-config="true" signature="TearDown()[pri:0, instance:TestCases.RegPageTest@7d8704ef]" started-at="2022-06-09T17:53:14 IST" name="TearDown" finished-at="2022-06-09T17:53:14 IST" duration-ms="279" status="PASS">
          <reporter-output>
          </reporter-output>
        </test-method> <!-- TearDown -->
      </class> <!-- TestCases.RegPageTest -->
      <class name="TestCases.LoginTest">
        <test-method is-config="true" signature="Setup()[pri:0, instance:TestCases.LoginTest@623a8092]" started-at="2022-06-09T17:53:14 IST" name="Setup" finished-at="2022-06-09T17:53:18 IST" duration-ms="4411" status="PASS">
          <reporter-output>
          </reporter-output>
        </test-method> <!-- Setup -->
        <test-method signature="Test()[pri:0, instance:TestCases.LoginTest@623a8092]" started-at="2022-06-09T17:53:18 IST" name="Test" finished-at="2022-06-09T17:53:19 IST" duration-ms="1009" status="PASS">
          <reporter-output>
          </reporter-output>
        </test-method> <!-- Test -->
        <test-method is-config="true" signature="TearDown()[pri:0, instance:TestCases.LoginTest@623a8092]" started-at="2022-06-09T17:53:19 IST" name="TearDown" finished-at="2022-06-09T17:53:20 IST" duration-ms="313" status="PASS">
          <reporter-output>
          </reporter-output>
        </test-method> <!-- TearDown -->
        <test-method is-config="true" signature="Setup()[pri:0, instance:TestCases.LoginTest@623a8092]" started-at="2022-06-09T17:53:20 IST" name="Setup" finished-at="2022-06-09T17:53:24 IST" duration-ms="4645" status="PASS">
          <reporter-output>
          </reporter-output>
        </test-method> <!-- Setup -->
        <test-method signature="clickonAdmin(int,int,int,int,java.lang.String,java.lang.String)[pri:1, instance:TestCases.LoginTest@623a8092]" started-at="2022-06-09T17:53:20 IST" name="clickonAdmin" finished-at="2022-06-09T17:53:20 IST" duration-ms="0" status="FAIL">
          <exception class="org.testng.TestNGException">
            <message>
              <![CDATA[
Parameter 'val1' is required by @Test on method clickonAdmin but has not been marked @Optional or defined
in C:\Users\SPURGE\eclipse-workspace\PARABank\testng.xml]]>
            </message>
            <full-stacktrace>
              <![CDATA[org.testng.TestNGException: 
Parameter 'val1' is required by @Test on method clickonAdmin but has not been marked @Optional or defined
in C:\Users\SPURGE\eclipse-workspace\PARABank\testng.xml
at org.testng.internal.Parameters.createParams(Parameters.java:270)
at org.testng.internal.Parameters.createParametersForMethod(Parameters.java:358)
at org.testng.internal.Parameters.createParameters(Parameters.java:700)
at org.testng.internal.Parameters.handleParameters(Parameters.java:884)
at org.testng.internal.Parameters.handleParameters(Parameters.java:740)
at org.testng.internal.ParameterHandler.handleParameters(ParameterHandler.java:59)
at org.testng.internal.ParameterHandler.createParameters(ParameterHandler.java:38)
at org.testng.internal.TestInvoker$MethodInvocationAgent.invoke(TestInvoker.java:791)
at org.testng.internal.TestInvoker.invokeTestMethods(TestInvoker.java:146)
at org.testng.internal.TestMethodWorker.invokeTestMethods(TestMethodWorker.java:146)
at org.testng.internal.TestMethodWorker.run(TestMethodWorker.java:128)
at java.base/java.util.ArrayList.forEach(ArrayList.java:1511)
at org.testng.TestRunner.privateRun(TestRunner.java:794)
at org.testng.TestRunner.run(TestRunner.java:596)
at org.testng.SuiteRunner.runTest(SuiteRunner.java:377)
at org.testng.SuiteRunner.runSequentially(SuiteRunner.java:371)
at org.testng.SuiteRunner.privateRun(SuiteRunner.java:332)
at org.testng.SuiteRunner.run(SuiteRunner.java:276)
at org.testng.SuiteRunnerWorker.runSuite(SuiteRunnerWorker.java:53)
at org.testng.SuiteRunnerWorker.run(SuiteRunnerWorker.java:96)
at org.testng.TestNG.runSuitesSequentially(TestNG.java:1212)
at org.testng.TestNG.runSuitesLocally(TestNG.java:1134)
at org.testng.TestNG.runSuites(TestNG.java:1063)
at org.testng.TestNG.run(TestNG.java:1031)
at org.testng.remote.AbstractRemoteTestNG.run(AbstractRemoteTestNG.java:115)
at org.testng.remote.RemoteTestNG.initAndRun(RemoteTestNG.java:251)
at org.testng.remote.RemoteTestNG.main(RemoteTestNG.java:77)
]]>
            </full-stacktrace>
          </exception> <!-- org.testng.TestNGException -->
          <reporter-output>
          </reporter-output>
        </test-method> <!-- clickonAdmin -->
        <test-method signature="actions()[pri:2, instance:TestCases.LoginTest@623a8092]" started-at="2022-06-09T17:53:24 IST" name="actions" finished-at="2022-06-09T17:53:41 IST" duration-ms="16993" status="PASS">
          <reporter-output>
          </reporter-output>
        </test-method> <!-- actions -->
        <test-method is-config="true" signature="TearDown()[pri:0, instance:TestCases.LoginTest@623a8092]" started-at="2022-06-09T17:53:41 IST" name="TearDown" finished-at="2022-06-09T17:53:42 IST" duration-ms="315" status="PASS">
          <reporter-output>
          </reporter-output>
        </test-method> <!-- TearDown -->
      </class> <!-- TestCases.LoginTest -->
      <class name="TestCases.HomePageTest">
        <test-method is-config="true" signature="Setup()[pri:0, instance:TestCases.HomePageTest@a1cdc6d]" started-at="2022-06-09T17:53:42 IST" name="Setup" finished-at="2022-06-09T17:53:46 IST" duration-ms="4664" status="PASS">
          <reporter-output>
          </reporter-output>
        </test-method> <!-- Setup -->
        <test-method is-config="true" signature="setUp()[pri:0, instance:TestCases.HomePageTest@a1cdc6d]" started-at="2022-06-09T17:53:46 IST" name="setUp" finished-at="2022-06-09T17:53:52 IST" duration-ms="5654" status="PASS">
          <reporter-output>
          </reporter-output>
        </test-method> <!-- setUp -->
        <test-method signature="TFtest(int,int,int)[pri:0, instance:TestCases.HomePageTest@a1cdc6d]" started-at="2022-06-09T17:53:52 IST" name="TFtest" data-provider="Transferf" finished-at="2022-06-09T17:54:15 IST" duration-ms="22766" status="FAIL">
          <params>
            <param index="0">
              <value>
                <![CDATA[123456]]>
              </value>
            </param>
            <param index="1">
              <value>
                <![CDATA[0]]>
              </value>
            </param>
            <param index="2">
              <value>
                <![CDATA[15120]]>
              </value>
            </param>
          </params>
          <exception class="org.openqa.selenium.NoSuchElementException">
            <message>
              <![CDATA[Cannot locate option with text: 15120
For documentation on this error, please visit: https://selenium.dev/exceptions/#no_such_element
Build info: version: '4.1.2', revision: '9a5a329c5a'
System info: host: 'DESKTOP-IG45S0Q', ip: '192.168.0.106', os.name: 'Windows 11', os.arch: 'amd64', os.version: '10.0', java.version: '17.0.2'
Driver info: driver.version: unknown]]>
            </message>
            <full-stacktrace>
              <![CDATA[org.openqa.selenium.NoSuchElementException: Cannot locate option with text: 15120
For documentation on this error, please visit: https://selenium.dev/exceptions/#no_such_element
Build info: version: '4.1.2', revision: '9a5a329c5a'
System info: host: 'DESKTOP-IG45S0Q', ip: '192.168.0.106', os.name: 'Windows 11', os.arch: 'amd64', os.version: '10.0', java.version: '17.0.2'
Driver info: driver.version: unknown
at org.openqa.selenium.support.ui.Select.selectByVisibleText(Select.java:151)
at Pages.HomePage.fundTransfer(HomePage.java:43)
at TestCases.HomePageTest.TFtest(HomePageTest.java:40)
at java.base/jdk.internal.reflect.NativeMethodAccessorImpl.invoke0(Native Method)
at java.base/jdk.internal.reflect.NativeMethodAccessorImpl.invoke(NativeMethodAccessorImpl.java:77)
at java.base/jdk.internal.reflect.DelegatingMethodAccessorImpl.invoke(DelegatingMethodAccessorImpl.java:43)
at java.base/java.lang.reflect.Method.invoke(Method.java:568)
at org.testng.internal.MethodInvocationHelper.invokeMethod(MethodInvocationHelper.java:133)
at org.testng.internal.TestInvoker.invokeMethod(TestInvoker.java:598)
at org.testng.internal.TestInvoker.invokeTestMethod(TestInvoker.java:173)
at org.testng.internal.MethodRunner.runInSequence(MethodRunner.java:46)
at org.testng.internal.TestInvoker$MethodInvocationAgent.invoke(TestInvoker.java:824)
at org.testng.internal.TestInvoker.invokeTestMethods(TestInvoker.java:146)
at org.testng.internal.TestMethodWorker.invokeTestMethods(TestMethodWorker.java:146)
at org.testng.internal.TestMethodWorker.run(TestMethodWorker.java:128)
at java.base/java.util.ArrayList.forEach(ArrayList.java:1511)
at org.testng.TestRunner.privateRun(TestRunner.java:794)
at org.testng.TestRunner.run(TestRunner.java:596)
at org.testng.SuiteRunner.runTest(SuiteRunner.java:377)
at org.testng.SuiteRunner.runSequentially(SuiteRunner.java:371)
at org.testng.SuiteRunner.privateRun(SuiteRunner.java:332)
at org.testng.SuiteRunner.run(SuiteRunner.java:276)
at org.testng.SuiteRunnerWorker.runSuite(SuiteRunnerWorker.java:53)
at org.testng.SuiteRunnerWorker.run(SuiteRunnerWorker.java:96)
at org.testng.TestNG.runSuitesSequentially(TestNG.java:1212)
at org.testng.TestNG.runSuitesLocally(TestNG.java:1134)
at org.testng.TestNG.runSuites(TestNG.java:1063)
at org.testng.TestNG.run(TestNG.java:1031)
at org.testng.remote.AbstractRemoteTestNG.run(AbstractRemoteTestNG.java:115)
at org.testng.remote.RemoteTestNG.initAndRun(RemoteTestNG.java:251)
at org.testng.remote.RemoteTestNG.main(RemoteTestNG.java:77)
]]>
            </full-stacktrace>
          </exception> <!-- org.openqa.selenium.NoSuchElementException -->
          <reporter-output>
          </reporter-output>
        </test-method> <!-- TFtest -->
        <test-method is-config="true" signature="TearDown()[pri:0, instance:TestCases.HomePageTest@a1cdc6d]" started-at="2022-06-09T17:54:15 IST" name="TearDown" finished-at="2022-06-09T17:54:15 IST" duration-ms="320" status="PASS">
          <reporter-output>
          </reporter-output>
        </test-method> <!-- TearDown -->
      </class> <!-- TestCases.HomePageTest -->
      <class name="TestCases.BillPayTest">
        <test-method is-config="true" signature="Setup()[pri:0, instance:TestCases.BillPayTest@3098cf3b]" started-at="2022-06-09T17:54:15 IST" name="Setup" finished-at="2022-06-09T17:54:20 IST" duration-ms="5255" status="PASS">
          <reporter-output>
          </reporter-output>
        </test-method> <!-- Setup -->
        <test-method is-config="true" signature="setUp()[pri:0, instance:TestCases.BillPayTest@3098cf3b]" started-at="2022-06-09T17:54:20 IST" name="setUp" finished-at="2022-06-09T17:54:28 IST" duration-ms="7298" status="PASS">
          <reporter-output>
          </reporter-output>
        </test-method> <!-- setUp -->
        <test-method signature="pay(java.lang.String,java.lang.String,java.lang.String,java.lang.String,java.lang.String,java.lang.String,java.lang.String,java.lang.String,java.lang.String,java.lang.String)[pri:1, instance:TestCases.BillPayTest@3098cf3b]" started-at="2022-06-09T17:54:28 IST" name="pay" data-provider="getData" finished-at="2022-06-09T17:54:32 IST" duration-ms="3999" status="PASS">
          <params>
            <param index="0">
              <value>
                <![CDATA[Devi]]>
              </value>
            </param>
            <param index="1">
              <value>
                <![CDATA[BalajiHills]]>
              </value>
            </param>
            <param index="2">
              <value>
                <![CDATA[Hyderabad]]>
              </value>
            </param>
            <param index="3">
              <value>
                <![CDATA[Telangana]]>
              </value>
            </param>
            <param index="4">
              <value>
                <![CDATA[56789]]>
              </value>
            </param>
            <param index="5">
              <value>
                <![CDATA[2147483647]]>
              </value>
            </param>
            <param index="6">
              <value>
                <![CDATA[6789]]>
              </value>
            </param>
            <param index="7">
              <value>
                <![CDATA[6789]]>
              </value>
            </param>
            <param index="8">
              <value>
                <![CDATA[123456789]]>
              </value>
            </param>
            <param index="9">
              <value>
                <![CDATA[16896]]>
              </value>
            </param>
          </params>
          <reporter-output>
          </reporter-output>
        </test-method> <!-- pay -->
        <test-method is-config="true" signature="TearDown()[pri:0, instance:TestCases.BillPayTest@3098cf3b]" started-at="2022-06-09T17:54:32 IST" name="TearDown" finished-at="2022-06-09T17:54:32 IST" duration-ms="330" status="PASS">
          <reporter-output>
          </reporter-output>
        </test-method> <!-- TearDown -->
        <test-method is-config="true" signature="Setup()[pri:0, instance:TestCases.BillPayTest@3098cf3b]" started-at="2022-06-09T17:54:32 IST" name="Setup" finished-at="2022-06-09T17:54:36 IST" duration-ms="4007" status="PASS">
          <reporter-output>
          </reporter-output>
        </test-method> <!-- Setup -->
        <test-method is-config="true" signature="setUp()[pri:0, instance:TestCases.BillPayTest@3098cf3b]" started-at="2022-06-09T17:54:36 IST" name="setUp" finished-at="2022-06-09T17:54:42 IST" duration-ms="6411" status="PASS">
          <reporter-output>
          </reporter-output>
        </test-method> <!-- setUp -->
        <test-method signature="ClickonSendPayment()[pri:2, instance:TestCases.BillPayTest@3098cf3b]" started-at="2022-06-09T17:54:42 IST" name="ClickonSendPayment" finished-at="2022-06-09T17:54:43 IST" duration-ms="79" status="PASS">
          <reporter-output>
          </reporter-output>
        </test-method> <!-- ClickonSendPayment -->
        <test-method is-config="true" signature="TearDown()[pri:0, instance:TestCases.BillPayTest@3098cf3b]" started-at="2022-06-09T17:54:43 IST" name="TearDown" finished-at="2022-06-09T17:54:43 IST" duration-ms="317" status="PASS">
          <reporter-output>
          </reporter-output>
        </test-method> <!-- TearDown -->
      </class> <!-- TestCases.BillPayTest -->
    </test> <!-- ParaBank Test Cases -->
  </suite> <!-- PARABANK WEBSITE TEST AUTOMATION SUITE -->
</testng-results>
