<?xml version="1.0" encoding="UTF-8"?>
<!-- Generated by org.testng.reporters.JUnitXMLReporter -->
<testsuite ignored="0" hostname="TirumalaDevi" failures="0" tests="2" name="FACEBOOK Test" time="3.781" errors="0" timestamp="2023-07-06T16:04:17 IST">
  <testcase classname="Base.BaseTest" name="@AfterMethod addResultsToTestRail" time="0.509">
    <failure type="com.gurock.testrail.APIException" message="TestRail API returned HTTP 400(&amp;quot;No (active) test found for the run/case combination.&amp;quot;)">
      <![CDATA[com.gurock.testrail.APIException: TestRail API returned HTTP 400("No (active) test found for the run/case combination.")
at com.gurock.testrail.APIClient.sendRequest(APIClient.java:296)
at com.gurock.testrail.APIClient.sendPost(APIClient.java:132)
at com.testrailManager.TestRailManager.addResultsforTestCAse(TestRailManager.java:36)
at Base.BaseTest.addResultsToTestRail(BaseTest.java:54)
at java.base/java.util.ArrayList.forEach(ArrayList.java:1511)
... Removed 32 stack frames]]>
    </failure>
  </testcase> <!-- @AfterMethod addResultsToTestRail -->
  <testcase classname="Base.BaseTest" name="@AfterMethod addResultsToTestRail" time="-1.688639657018E9">
    <skipped/>
  </testcase> <!-- @AfterMethod addResultsToTestRail -->
  <testcase classname="Base.BaseTest" name="@AfterClass teardown" time="-1.688639657023E9">
    <skipped/>
  </testcase> <!-- @AfterClass teardown -->
  <testcase classname="Tests.FacebookTest" name="FrgotpwdTest" time="0.091"/>
  <testcase classname="Tests.FacebookTest" name="TextVerify" time="0.0">
    <skipped/>
  </testcase> <!-- TextVerify -->
</testsuite> <!-- FACEBOOK Test -->
