<?xml version="1.0" encoding="UTF-8"?>
<!-- Generated by org.testng.reporters.JUnitXMLReporter -->
<testsuite ignored="0" hostname="TirumalaDevi" failures="0" tests="3" name="Google Test" time="11.201" errors="0" timestamp="2023-07-06T16:04:13 IST">
  <testcase classname="Base.BaseTest" name="@AfterMethod addResultsToTestRail" time="1.673">
    <failure type="com.gurock.testrail.APIException" message="TestRail API returned HTTP 400(&amp;quot;No (active) test found for the run/case combination.&amp;quot;)">
      <![CDATA[com.gurock.testrail.APIException: TestRail API returned HTTP 400("No (active) test found for the run/case combination.")
at com.gurock.testrail.APIClient.sendRequest(APIClient.java:296)
at com.gurock.testrail.APIClient.sendPost(APIClient.java:132)
at com.testrailManager.TestRailManager.addResultsforTestCAse(TestRailManager.java:36)
at Base.BaseTest.addResultsToTestRail(BaseTest.java:54)
at java.base/java.util.ArrayList.forEach(ArrayList.java:1511)
... Removed 32 stack frames]]>
    </failure>
  </testcase> <!-- @AfterMethod addResultsToTestRail -->
  <testcase classname="Base.BaseTest" name="@AfterMethod addResultsToTestRail" time="-1.688639653127E9">
    <skipped/>
  </testcase> <!-- @AfterMethod addResultsToTestRail -->
  <testcase classname="Base.BaseTest" name="@AfterMethod addResultsToTestRail" time="-1.688639653167E9">
    <skipped/>
  </testcase> <!-- @AfterMethod addResultsToTestRail -->
  <testcase classname="Base.BaseTest" name="@AfterClass teardown" time="-1.688639653175E9">
    <skipped/>
  </testcase> <!-- @AfterClass teardown -->
  <testcase classname="Tests.GoogleTest" name="GoogleTitleTest" time="0.033"/>
  <testcase classname="Tests.GoogleTest" name="GoogleLogoTest" time="0.0">
    <skipped/>
  </testcase> <!-- GoogleLogoTest -->
  <testcase classname="Tests.GoogleTest" name="isSearchExist" time="0.0">
    <skipped/>
  </testcase> <!-- isSearchExist -->
</testsuite> <!-- Google Test -->
