<?xml version="1.0" encoding="UTF-8"?>
<!-- Generated by org.testng.reporters.JUnitXMLReporter -->
<testsuite ignored="1" hostname="DESKTOP-IG45S0Q" failures="1" tests="1" name="Test(failed)" time="6.563" errors="0" timestamp="2022-04-06T10:43:35 IST">
  <testcase classname="Screenshot.TestClass" name="TestGoogle" time="2.156">
    <failure type="java.lang.AssertionError" message="expected [Selenium] but found [The Selenium Browser Automation Project | Selenium]">
      <![CDATA[java.lang.AssertionError: expected [Selenium] but found [The Selenium Browser Automation Project | Selenium]
at Screenshot.TestClass.TestGoogle(TestClass.java:24)
at java.base/java.util.ArrayList.forEach(ArrayList.java:1511)
... Removed 33 stack frames]]>
    </failure>
  </testcase> <!-- TestGoogle -->
  <testcase classname="Screenshot.TestClass" name="TestOrangeHRM" time="0.0">
    <ignored/>
  </testcase> <!-- TestOrangeHRM -->
</testsuite> <!-- Test(failed) -->
