<?xml version="1.0" encoding="UTF-8"?>
<!-- Generated by org.testng.reporters.JUnitXMLReporter -->
<testsuite ignored="0" hostname="DESKTOP-IG45S0Q" failures="1" tests="5" name="FailedTestCasesTest" time="17.646" errors="0" timestamp="2022-04-06T11:34:56 IST">
  <testcase classname="Screenshot.TestClass" name="TestGoogle" time="2.168">
    <skipped/>
  </testcase> <!-- TestGoogle -->
  <testcase classname="Screenshot.TestClass" name="TestGoogle" time="0.571">
    <skipped/>
  </testcase> <!-- TestGoogle -->
  <testcase classname="Screenshot.TestClass" name="TestGoogle" time="0.563">
    <skipped/>
  </testcase> <!-- TestGoogle -->
  <testcase classname="Screenshot.TestClass" name="TestGoogle" time="0.549">
    <failure type="java.lang.AssertionError" message="expected [Selenium] but found [The Selenium Browser Automation Project | Selenium]">
      <![CDATA[java.lang.AssertionError: expected [Selenium] but found [The Selenium Browser Automation Project | Selenium]
at Screenshot.TestClass.TestGoogle(TestClass.java:24)
at java.base/java.util.ArrayList.forEach(ArrayList.java:1511)
... Removed 33 stack frames]]>
    </failure>
  </testcase> <!-- TestGoogle -->
  <testcase classname="Screenshot.TestClass" name="TestOrangeHRM" time="10.542"/>
</testsuite> <!-- FailedTestCasesTest -->
