<?xml version="1.0" encoding="UTF-8"?>
<!-- Generated by org.testng.reporters.JUnitXMLReporter -->
<testsuite ignored="2" hostname="DESKTOP-IG45S0Q" failures="3" tests="3" name="Test2" time="1.039" errors="0" timestamp="2022-03-28T21:02:30 IST">
  <testcase classname="Listeners.TestListenerExample" name="TestToFail" time="0.004">
    <failure type="java.lang.AssertionError" message="expected [true] but found [false]">
      <![CDATA[java.lang.AssertionError: expected [true] but found [false]
at Listeners.TestListenerExample.TestToFail(TestListenerExample.java:37)
at java.base/java.util.ArrayList.forEach(ArrayList.java:1511)
... Removed 31 stack frames]]>
    </failure>
  </testcase> <!-- TestToFail -->
  <testcase classname="Listeners.TestListenerExample" name="Test" time="1.015">
    <failure type="org.testng.internal.thread.ThreadTimeoutException" message="Method Listeners.TestListenerExample.Test() didn&amp;apos;t finish within the time-out 1000">
      <![CDATA[org.testng.internal.thread.ThreadTimeoutException: Method Listeners.TestListenerExample.Test() didn't finish within the time-out 1000
at java.base/java.util.ArrayList.forEach(ArrayList.java:1511)
... Removed 24 stack frames]]>
    </failure>
  </testcase> <!-- Test -->
  <testcase classname="Listeners.TestListenerExample" name="teardown" time="0.004">
    <failure type="java.lang.NullPointerException" message="Cannot invoke &amp;quot;org.openqa.selenium.WebDriver.quit()&amp;quot; because &amp;quot;this.driver&amp;quot; is null">
      <![CDATA[java.lang.NullPointerException: Cannot invoke "org.openqa.selenium.WebDriver.quit()" because "this.driver" is null
at Listeners.TestListenerExample.teardown(TestListenerExample.java:50)
at java.base/java.util.ArrayList.forEach(ArrayList.java:1511)
... Removed 27 stack frames]]>
    </failure>
  </testcase> <!-- teardown -->
  <testcase classname="Listeners.TestListenerExample" name="Login" time="0.0">
    <ignored/>
  </testcase> <!-- Login -->
  <testcase classname="Listeners.TestListenerExample" name="Setup" time="0.0">
    <ignored/>
  </testcase> <!-- Setup -->
</testsuite> <!-- Test2 -->
